<?xml version="1.0" encoding="UTF-8"?>
<!-- Generated by org.testng.reporters.JUnitXMLReporter -->
<testsuite ignored="0" hostname="LAPTOP-LAKSHMI" failures="1" tests="1" name="TestCase1" time="10.927" errors="0" timestamp="2019-09-25T15:08:18 EDT">
  <testcase classname="com.CraftsVilla.FirstSareePurchase" name="SareePurchase" time="0.009">
    <failure type="java.lang.NullPointerException">
      <![CDATA[java.lang.NullPointerException
at com.CraftVillaPages.HomePage.SearchBox(HomePage.java:24)
at com.CraftsVilla.FirstSareePurchase.SareePurchase(FirstSareePurchase.java:23)
at java.base/java.util.ArrayList.forEach(ArrayList.java:1540)
... Removed 27 stack frames]]>
    </failure>
  </testcase> <!-- SareePurchase -->
</testsuite> <!-- TestCase1 -->
